# JRE version: OpenJDK Runtime Environment (11.0.13) (build 11.0.13+0-b1751.21-8125866)
# Java VM: OpenJDK 64-Bit Server VM (11.0.13+0-b1751.21-8125866, mixed mode, tiered, compressed oops, g1 gc, windows-amd64)
Heap:
 garbage-first heap   total 551936K, used 298531K [0x0000000080000000, 0x0000000100000000)
  region size 1024K, 83 young (84992K), 3 survivors (3072K)
 Metaspace       used 176172K, capacity 181603K, committed 181860K, reserved 1208320K
  class space    used 21209K, capacity 23140K, committed 23244K, reserved 1048576K
GC Heap History (20 events):
Event: 3790.874 GC heap before
{Heap before GC invocations=145 (full 0):
 garbage-first heap   total 551936K, used 248501K [0x0000000080000000, 0x0000000100000000)
  region size 1024K, 26 young (26624K), 9 survivors (9216K)
 Metaspace       used 174281K, capacity 179542K, committed 179812K, reserved 1206272K
  class space    used 21067K, capacity 22900K, committed 22988K, reserved 1048576K
}
Event: 3790.904 GC heap after
{Heap after GC invocations=146 (full 0):
 garbage-first heap   total 551936K, used 223127K [0x0000000080000000, 0x0000000100000000)
  region size 1024K, 3 young (3072K), 3 survivors (3072K)
 Metaspace       used 174281K, capacity 179542K, committed 179812K, reserved 1206272K
  class space    used 21067K, capacity 22900K, committed 22988K, reserved 1048576K
}
Event: 3802.627 GC heap before
{Heap before GC invocations=146 (full 0):
 garbage-first heap   total 551936K, used 305047K [0x0000000080000000, 0x0000000100000000)
  region size 1024K, 85 young (87040K), 3 survivors (3072K)
 Metaspace       used 174593K, capacity 179764K, committed 180068K, reserved 1206272K
  class space    used 21087K, capacity 22922K, committed 22988K, reserved 1048576K
}
Event: 3802.642 GC heap after
{Heap after GC invocations=147 (full 0):
 garbage-first heap   total 551936K, used 226402K [0x0000000080000000, 0x0000000100000000)
  region size 1024K, 7 young (7168K), 7 survivors (7168K)
 Metaspace       used 174593K, capacity 179764K, committed 180068K, reserved 1206272K
  class space    used 21087K, capacity 22922K, committed 22988K, reserved 1048576K
}
Event: 3804.607 GC heap before
{Heap before GC invocations=148 (full 0):
 garbage-first heap   total 551936K, used 352354K [0x0000000080000000, 0x0000000100000000)
  region size 1024K, 130 young (133120K), 7 survivors (7168K)
 Metaspace       used 175093K, capacity 180245K, committed 180324K, reserved 1206272K
  class space    used 21091K, capacity 22926K, committed 22988K, reserved 1048576K
}
Event: 3804.620 GC heap after
{Heap after GC invocations=149 (full 0):
 garbage-first heap   total 551936K, used 229426K [0x0000000080000000, 0x0000000100000000)
  region size 1024K, 12 young (12288K), 12 survivors (12288K)
 Metaspace       used 175093K, capacity 180245K, committed 180324K, reserved 1206272K
  class space    used 21091K, capacity 22926K, committed 22988K, reserved 1048576K
}
Event: 3804.868 GC heap before
{Heap before GC invocations=149 (full 0):
 garbage-first heap   total 551936K, used 245810K [0x0000000080000000, 0x0000000100000000)
  region size 1024K, 26 young (26624K), 12 survivors (12288K)
 Metaspace       used 175113K, capacity 180251K, committed 180324K, reserved 1206272K
  class space    used 21092K, capacity 22927K, committed 22988K, reserved 1048576K
}
Event: 3804.885 GC heap after
{Heap after GC invocations=150 (full 0):
 garbage-first heap   total 551936K, used 216929K [0x0000000080000000, 0x0000000100000000)
  region size 1024K, 2 young (2048K), 2 survivors (2048K)
 Metaspace       used 175113K, capacity 180251K, committed 180324K, reserved 1206272K
  class space    used 21092K, capacity 22927K, committed 22988K, reserved 1048576K
}
Event: 3804.981 GC heap before
{Heap before GC invocations=150 (full 0):
 garbage-first heap   total 551936K, used 226145K [0x0000000080000000, 0x0000000100000000)
  region size 1024K, 12 young (12288K), 2 survivors (2048K)
 Metaspace       used 175115K, capacity 180252K, committed 180324K, reserved 1206272K
  class space    used 21092K, capacity 22927K, committed 22988K, reserved 1048576K
}
Event: 3804.985 GC heap after
{Heap after GC invocations=151 (full 0):
 garbage-first heap   total 551936K, used 216449K [0x0000000080000000, 0x0000000100000000)
  region size 1024K, 1 young (1024K), 1 survivors (1024K)
 Metaspace       used 175115K, capacity 180252K, committed 180324K, reserved 1206272K
  class space    used 21092K, capacity 22927K, committed 22988K, reserved 1048576K
}
Event: 3969.934 GC heap before
{Heap before GC invocations=152 (full 0):
 garbage-first heap   total 551936K, used 416129K [0x0000000080000000, 0x0000000100000000)
  region size 1024K, 164 young (167936K), 1 survivors (1024K)
 Metaspace       used 175353K, capacity 180591K, committed 180836K, reserved 1208320K
  class space    used 21104K, capacity 22948K, committed 22988K, reserved 1048576K
}
Event: 3970.007 GC heap after
{Heap after GC invocations=153 (full 0):
 garbage-first heap   total 551936K, used 228919K [0x0000000080000000, 0x0000000100000000)
  region size 1024K, 14 young (14336K), 14 survivors (14336K)
 Metaspace       used 175353K, capacity 180591K, committed 180836K, reserved 1208320K
  class space    used 21104K, capacity 22948K, committed 22988K, reserved 1048576K
}
Event: 3970.054 GC heap before
{Heap before GC invocations=153 (full 0):
 garbage-first heap   total 551936K, used 240183K [0x0000000080000000, 0x0000000100000000)
  region size 1024K, 26 young (26624K), 14 survivors (14336K)
 Metaspace       used 175358K, capacity 180591K, committed 180836K, reserved 1208320K
  class space    used 21104K, capacity 22948K, committed 22988K, reserved 1048576K
}
Event: 3970.090 GC heap after
{Heap after GC invocations=154 (full 0):
 garbage-first heap   total 551936K, used 229925K [0x0000000080000000, 0x0000000100000000)
  region size 1024K, 2 young (2048K), 2 survivors (2048K)
 Metaspace       used 175358K, capacity 180591K, committed 180836K, reserved 1208320K
  class space    used 21104K, capacity 22948K, committed 22988K, reserved 1048576K
}
Event: 3975.649 GC heap before
{Heap before GC invocations=154 (full 0):
 garbage-first heap   total 551936K, used 273957K [0x0000000080000000, 0x0000000100000000)
  region size 1024K, 47 young (48128K), 2 survivors (2048K)
 Metaspace       used 175399K, capacity 180598K, committed 180836K, reserved 1208320K
  class space    used 21105K, capacity 22949K, committed 22988K, reserved 1048576K
}
Event: 3975.664 GC heap after
{Heap after GC invocations=155 (full 0):
 garbage-first heap   total 551936K, used 230925K [0x0000000080000000, 0x0000000100000000)
  region size 1024K, 3 young (3072K), 3 survivors (3072K)
 Metaspace       used 175399K, capacity 180598K, committed 180836K, reserved 1208320K
  class space    used 21105K, capacity 22949K, committed 22988K, reserved 1048576K
}
Event: 3978.448 GC heap before
{Heap before GC invocations=156 (full 0):
 garbage-first heap   total 551936K, used 409101K [0x0000000080000000, 0x0000000100000000)
  region size 1024K, 155 young (158720K), 3 survivors (3072K)
 Metaspace       used 175646K, capacity 180824K, committed 181092K, reserved 1208320K
  class space    used 21107K, capacity 22954K, committed 22988K, reserved 1048576K
}
Event: 3978.453 GC heap after
{Heap after GC invocations=157 (full 0):
 garbage-first heap   total 551936K, used 231389K [0x0000000080000000, 0x0000000100000000)
  region size 1024K, 3 young (3072K), 3 survivors (3072K)
 Metaspace       used 175646K, capacity 180824K, committed 181092K, reserved 1208320K
  class space    used 21107K, capacity 22954K, committed 22988K, reserved 1048576K
}
Event: 3983.954 GC heap before
{Heap before GC invocations=157 (full 0):
 garbage-first heap   total 551936K, used 254941K [0x0000000080000000, 0x0000000100000000)
  region size 1024K, 26 young (26624K), 3 survivors (3072K)
 Metaspace       used 175674K, capacity 180889K, committed 181092K, reserved 1208320K
  class space    used 21108K, capacity 22954K, committed 22988K, reserved 1048576K
}
Event: 3983.974 GC heap after
{Heap after GC invocations=158 (full 0):
 garbage-first heap   total 551936K, used 218659K [0x0000000080000000, 0x0000000100000000)
  region size 1024K, 3 young (3072K), 3 survivors (3072K)
 Metaspace       used 175674K, capacity 180889K, committed 181092K, reserved 1208320K
  class space    used 21108K, capacity 22954K, committed 22988K, reserved 1048576K
}

